<?xml version="1.0" encoding="UTF-8"?>
<!-- Generated by org.testng.reporters.JUnitReportReporter -->
<testsuite hostname="Mds-MacBook-Pro.local" failures="0" tests="1" name="googleautomation.GoogleSearchTest" time="60.142" errors="0" timestamp="2024-10-19T22:02:25 EDT" skipped="0">
  <testcase classname="googleautomation.GoogleSearchTest" name="testGoogleSearch" time="60.142"/>
  <system-out/>
</testsuite> <!-- googleautomation.GoogleSearchTest -->
