<?xml version="1.0" encoding="UTF-8"?>
<!-- Generated by org.testng.reporters.JUnitReportReporter -->
<testsuite hostname="Mds-MacBook-Pro.local" failures="0" tests="1" name="googleautomationcloude.GoogleSearchTest" time="56.756" errors="0" timestamp="2024-10-18T00:05:39 EDT" skipped="0">
  <testcase classname="googleautomationcloude.GoogleSearchTest" name="testGoogleSearch" time="56.756"/>
  <system-out/>
</testsuite> <!-- googleautomationcloude.GoogleSearchTest -->
