<?xml version="1.0" encoding="UTF-8"?>
<!-- Generated by org.testng.reporters.JUnitReportReporter -->
<testsuite hostname="Mds-MacBook-Pro.local" failures="0" tests="1" name="googleautomation.GoogleSearchTestHeadless" time="46.978" errors="0" timestamp="2024-10-19T22:03:34 EDT" skipped="0">
  <testcase classname="googleautomation.GoogleSearchTestHeadless" name="testGoogleSearch" time="46.978"/>
  <system-out/>
</testsuite> <!-- googleautomation.GoogleSearchTestHeadless -->
